2023-07-03T11:31:20.964Z [test] info: listening on port 5002
2023-07-03T11:32:51.476Z [test] info: listening on port 5002
2023-07-03T11:33:08.518Z [test] info: listening on port 5002
2023-07-03T11:35:52.394Z [test] info: listening on port 5002
2023-07-03T11:37:10.333Z [test] info: listening on port 5002
2023-07-03T11:37:58.461Z [test] info: listening on port 5002
2023-07-03T11:38:45.171Z [test] info: listening on port 5002
2023-07-03T11:39:08.725Z [test] info: listening on port 5002
2023-07-03T11:39:19.768Z [test] error: Incorrect date value: '$2022-06-21' for column 'Date' at row 1
2023-07-03T11:39:40.532Z [test] info: listening on port 5002
2023-07-03T11:41:03.387Z [test] info: listening on port 5002
2023-07-03T11:42:24.948Z [test] info: listening on port 5002
2023-07-03T11:49:39.763Z [test] info: listening on port 5002
2023-07-03T11:49:48.665Z [test] error: Incorrect date value: '2022-06-232' for column 'Date' at row 1
2023-07-03T11:50:17.089Z [test] info: listening on port 5002
2023-07-03T11:50:57.712Z [test] info: listening on port 5002
2023-07-03T11:55:17.412Z [test] info: listening on port 5002
2023-07-03T11:56:31.416Z [test] info: listening on port 5002
2023-07-03T11:56:52.070Z [test] info: listening on port 5002
2023-07-03T11:57:22.766Z [test] info: listening on port 5002
2023-07-03T12:00:22.252Z [test] info: listening on port 5002
2023-07-03T12:01:56.579Z [test] info: listening on port 5002
2023-07-03T12:05:44.261Z [test] info: listening on port 5002
2023-07-03T12:06:31.049Z [test] error: Incorrect DATE value: 'undefined'
2023-07-03T12:07:06.456Z [test] info: listening on port 5002
2023-07-03T12:08:32.196Z [test] info: listening on port 5002
2023-07-03T12:08:51.718Z [test] info: listening on port 5002
2023-07-03T12:09:37.049Z [test] info: listening on port 5002
2023-07-03T12:10:51.656Z [test] info: listening on port 5002
2023-07-03T12:15:42.682Z [test] info: listening on port 5002
2023-07-03T12:16:03.338Z [test] info: listening on port 5002
2023-07-03T12:17:04.582Z [test] info: listening on port 5002
2023-07-03T12:17:26.399Z [test] info: listening on port 5002
2023-07-03T12:18:38.122Z [test] info: listening on port 5002
2023-07-03T12:18:55.980Z [test] info: listening on port 5002
2023-07-03T12:21:41.304Z [test] info: listening on port 5002
2023-07-03T12:22:49.372Z [test] info: listening on port 5002
2023-07-03T12:26:36.237Z [test] info: listening on port 5002
2023-07-03T12:26:43.786Z [test] error: Status Code : undefined  - Error : targetDate is not defined
2023-07-03T12:26:44.912Z [test] error: Status Code : undefined  - Error : targetDate is not defined
2023-07-03T12:28:12.434Z [test] info: listening on port 5002
2023-07-03T12:28:27.855Z [test] error: Incorrect DATE value: ''
2023-07-03T12:28:38.602Z [test] info: listening on port 5002
2023-07-03T12:29:00.639Z [test] info: listening on port 5002
2023-07-03T12:29:09.498Z [test] error: Incorrect DATE value: ''
